106
149.841597988 149.841597988 149.841597988
-149.481016082 -149.481016082 -149.481016082
36.5338299995 36.5338299995 36.5338299995
-125.553727141 -125.553727141 -125.553727141
-14.0226764531 -14.0226764531 -14.0226764531
146.330683723 146.330683723 146.330683723
3.4167533361 3.4167533361 3.4167533361
-116.908221739 -116.908221739 -116.908221739
-142.695300257 -142.695300257 -142.695300257
148.430590716 148.430590716 148.430590716
148.831462866 148.831462866 148.831462866
123.678425566 123.678425566 123.678425566
-149.347639929 -149.347639929 -149.347639929
142.392254015 142.392254015 142.392254015
34.1944748489 34.1944748489 34.1944748489
-117.648443852 -117.648443852 -117.648443852
53.0950465378 53.0950465378 53.0950465378
-100.169391739 -100.169391739 -100.169391739
149.952201035 149.952201035 149.952201035
-146.911081228 -146.911081228 -146.911081228
131.819269858 131.819269858 131.819269858
-134.53352536 -134.53352536 -134.53352536
131.644615662 131.644615662 131.644615662
-96.2780731536 -96.2780731536 -96.2780731536
147.512367045 147.512367045 147.512367045
120.253222102 120.253222102 120.253222102
-61.5566523975 -61.5566523975 -61.5566523975
-56.9351603347 -56.9351603347 -56.9351603347
61.1334703717 61.1334703717 61.1334703717
-104.194125527 -104.194125527 -104.194125527
-149.255751264 -149.255751264 -149.255751264
-83.86299954 -83.86299954 -83.86299954
-11.5046677404 -11.5046677404 -11.5046677404
-4.04814845874 -4.04814845874 -4.04814845874
149.320970552 149.320970552 149.320970552
-143.503013464 -143.503013464 -143.503013464
-149.92494922 -149.92494922 -149.92494922
100.684378957 100.684378957 100.684378957
-145.941253457 -145.941253457 -145.941253457
28.6830343654 28.6830343654 28.6830343654
145.556417104 145.556417104 145.556417104
120.147623343 120.147623343 120.147623343
149.605195385 149.605195385 149.605195385
81.5099287824 81.5099287824 81.5099287824
-70.4182820066 -70.4182820066 -70.4182820066
149.843882233 149.843882233 149.843882233
125.505162301 125.505162301 125.505162301
-53.6523759069 -53.6523759069 -53.6523759069
135.909000101 135.909000101 135.909000101
148.95938624 148.95938624 148.95938624
-144.033717765 -144.033717765 -144.033717765
-70.2594594869 -70.2594594869 -70.2594594869
52.2813856829 52.2813856829 52.2813856829
137.433241577 137.433241577 137.433241577
56.4596743632 56.4596743632 56.4596743632
-141.760977357 -141.760977357 -141.760977357
137.673358071 137.673358071 137.673358071
146.225981016 146.225981016 146.225981016
121.369756269 121.369756269 121.369756269
-119.162401785 -119.162401785 -119.162401785
-14.1167124835 -14.1167124835 -14.1167124835
-148.426389532 -148.426389532 -148.426389532
146.916152287 146.916152287 146.916152287
94.5494682358 94.5494682358 94.5494682358
101.311140002 101.311140002 101.311140002
-110.851534989 -110.851534989 -110.851534989
-95.7982937503 -95.7982937503 -95.7982937503
-149.955118185 -149.955118185 -149.955118185
65.4082366618 65.4082366618 65.4082366618
148.360833937 148.360833937 148.360833937
122.226310317 122.226310317 122.226310317
-145.200750573 -145.200750573 -145.200750573
-45.2202037527 -45.2202037527 -45.2202037527
22.6686511816 22.6686511816 22.6686511816
141.869356963 141.869356963 141.869356963
149.933261667 149.933261667 149.933261667
136.839559638 136.839559638 136.839559638
142.321821339 142.321821339 142.321821339
-149.957618663 -149.957618663 -149.957618663
-149.494005409 -149.494005409 -149.494005409
-148.503501909 -148.503501909 -148.503501909
-136.161810388 -136.161810388 -136.161810388
56.4657971353 56.4657971353 56.4657971353
149.565834894 149.565834894 149.565834894
-52.8265693112 -52.8265693112 -52.8265693112
-83.4745747578 -83.4745747578 -83.4745747578
143.881631412 143.881631412 143.881631412
-108.14670674 -108.14670674 -108.14670674
95.9889481293 95.9889481293 95.9889481293
-146.274066412 -146.274066412 -146.274066412
-132.932625345 -132.932625345 -132.932625345
149.882009809 149.882009809 149.882009809
-51.5761703731 -51.5761703731 -51.5761703731
149.054734 149.054734 149.054734
149.909040615 149.909040615 149.909040615
-141.722265281 -141.722265281 -141.722265281
-149.816029833 -149.816029833 -149.816029833
-147.817858189 -147.817858189 -147.817858189
144.111041075 144.111041075 144.111041075
85.6407484801 85.6407484801 85.6407484801
143.6599993 143.6599993 143.6599993
-149.085758259 -149.085758259 -149.085758259
145.693751821 145.693751821 145.693751821
-144.960315743 -144.960315743 -144.960315743
-82.5247036905 -82.5247036905 -82.5247036905
-127.325329456 -127.325329456 -127.325329456
