28
1.38538907682 1.38538907682 1.38538907682
4.69378017445 4.69378017445 4.69378017445
5.70994127044 5.70994127044 5.70994127044
-9.23470480384 -9.23470480384 -9.23470480384
-0.235187765443 -0.235187765443 -0.235187765443
-8.8740852216 -8.8740852216 -8.8740852216
9.12524056123 9.12524056123 9.12524056123
5.09667343617 5.09667343617 5.09667343617
-0.428273816047 -0.428273816047 -0.428273816047
7.18378789453 7.18378789453 7.18378789453
-8.29596121265 -8.29596121265 -8.29596121265
5.40132435097 5.40132435097 5.40132435097
9.78050004583 9.78050004583 9.78050004583
-9.08680125309 -9.08680125309 -9.08680125309
-7.64233851009 -7.64233851009 -7.64233851009
7.31335783169 7.31335783169 7.31335783169
9.27938301381 9.27938301381 9.27938301381
7.10210667723 7.10210667723 7.10210667723
-4.23740627182 -4.23740627182 -4.23740627182
9.13510620521 9.13510620521 9.13510620521
4.25380978986 4.25380978986 4.25380978986
-9.96023350705 -9.96023350705 -9.96023350705
4.01303812415 4.01303812415 4.01303812415
9.02424927855 9.02424927855 9.02424927855
-6.15258881101 -6.15258881101 -6.15258881101
-9.65274793299 -9.65274793299 -9.65274793299
-6.04848602242 -6.04848602242 -6.04848602242
-6.17623310545 -6.17623310545 -6.17623310545
